  Animation.cpp
D:\c++\CppStudy\cpp_Practice\CppStudy\GameP\GameProgrammingTeamProject\2023_winapi_framework\enums.h(1,1): warning C4819: 현재 코드 페이지(949)에서 표시할 수 없는 문자가 파일에 들어 있습니다. 데이터가 손실되지 않게 하려면 해당 파일을 유니코드 형식으로 저장하십시오.
D:\c++\CppStudy\cpp_Practice\CppStudy\GameP\GameProgrammingTeamProject\2023_winapi_framework\TimeMgr.h(1,1): warning C4819: 현재 코드 페이지(949)에서 표시할 수 없는 문자가 파일에 들어 있습니다. 데이터가 손실되지 않게 하려면 해당 파일을 유니코드 형식으로 저장하십시오.
  Animator.cpp
D:\c++\CppStudy\cpp_Practice\CppStudy\GameP\GameProgrammingTeamProject\2023_winapi_framework\enums.h(1,1): warning C4819: 현재 코드 페이지(949)에서 표시할 수 없는 문자가 파일에 들어 있습니다. 데이터가 손실되지 않게 하려면 해당 파일을 유니코드 형식으로 저장하십시오.
  BaseWindow.cpp
D:\c++\CppStudy\cpp_Practice\CppStudy\GameP\GameProgrammingTeamProject\2023_winapi_framework\BaseWindow.cpp(1,1): warning C4819: 현재 코드 페이지(949)에서 표시할 수 없는 문자가 파일에 들어 있습니다. 데이터가 손실되지 않게 하려면 해당 파일을 유니코드 형식으로 저장하십시오.
D:\c++\CppStudy\cpp_Practice\CppStudy\GameP\GameProgrammingTeamProject\2023_winapi_framework\enums.h(1,1): warning C4819: 현재 코드 페이지(949)에서 표시할 수 없는 문자가 파일에 들어 있습니다. 데이터가 손실되지 않게 하려면 해당 파일을 유니코드 형식으로 저장하십시오.
D:\c++\CppStudy\cpp_Practice\CppStudy\GameP\GameProgrammingTeamProject\2023_winapi_framework\BaseWindow.h(1,1): warning C4819: 현재 코드 페이지(949)에서 표시할 수 없는 문자가 파일에 들어 있습니다. 데이터가 손실되지 않게 하려면 해당 파일을 유니코드 형식으로 저장하십시오.
D:\c++\CppStudy\cpp_Practice\CppStudy\GameP\GameProgrammingTeamProject\2023_winapi_framework\Core.h(1,1): warning C4819: 현재 코드 페이지(949)에서 표시할 수 없는 문자가 파일에 들어 있습니다. 데이터가 손실되지 않게 하려면 해당 파일을 유니코드 형식으로 저장하십시오.
  Bullet.cpp
D:\c++\CppStudy\cpp_Practice\CppStudy\GameP\GameProgrammingTeamProject\2023_winapi_framework\enums.h(1,1): warning C4819: 현재 코드 페이지(949)에서 표시할 수 없는 문자가 파일에 들어 있습니다. 데이터가 손실되지 않게 하려면 해당 파일을 유니코드 형식으로 저장하십시오.
D:\c++\CppStudy\cpp_Practice\CppStudy\GameP\GameProgrammingTeamProject\2023_winapi_framework\TimeMgr.h(1,1): warning C4819: 현재 코드 페이지(949)에서 표시할 수 없는 문자가 파일에 들어 있습니다. 데이터가 손실되지 않게 하려면 해당 파일을 유니코드 형식으로 저장하십시오.
  Collider.cpp
D:\c++\CppStudy\cpp_Practice\CppStudy\GameP\GameProgrammingTeamProject\2023_winapi_framework\enums.h(1,1): warning C4819: 현재 코드 페이지(949)에서 표시할 수 없는 문자가 파일에 들어 있습니다. 데이터가 손실되지 않게 하려면 해당 파일을 유니코드 형식으로 저장하십시오.
  CollisionMgr.cpp
D:\c++\CppStudy\cpp_Practice\CppStudy\GameP\GameProgrammingTeamProject\2023_winapi_framework\CollisionMgr.cpp(1,1): warning C4819: 현재 코드 페이지(949)에서 표시할 수 없는 문자가 파일에 들어 있습니다. 데이터가 손실되지 않게 하려면 해당 파일을 유니코드 형식으로 저장하십시오.
D:\c++\CppStudy\cpp_Practice\CppStudy\GameP\GameProgrammingTeamProject\2023_winapi_framework\enums.h(1,1): warning C4819: 현재 코드 페이지(949)에서 표시할 수 없는 문자가 파일에 들어 있습니다. 데이터가 손실되지 않게 하려면 해당 파일을 유니코드 형식으로 저장하십시오.
  Core.cpp
D:\c++\CppStudy\cpp_Practice\CppStudy\GameP\GameProgrammingTeamProject\2023_winapi_framework\Core.cpp(1,1): warning C4819: 현재 코드 페이지(949)에서 표시할 수 없는 문자가 파일에 들어 있습니다. 데이터가 손실되지 않게 하려면 해당 파일을 유니코드 형식으로 저장하십시오.
D:\c++\CppStudy\cpp_Practice\CppStudy\GameP\GameProgrammingTeamProject\2023_winapi_framework\enums.h(1,1): warning C4819: 현재 코드 페이지(949)에서 표시할 수 없는 문자가 파일에 들어 있습니다. 데이터가 손실되지 않게 하려면 해당 파일을 유니코드 형식으로 저장하십시오.
D:\c++\CppStudy\cpp_Practice\CppStudy\GameP\GameProgrammingTeamProject\2023_winapi_framework\Core.h(1,1): warning C4819: 현재 코드 페이지(949)에서 표시할 수 없는 문자가 파일에 들어 있습니다. 데이터가 손실되지 않게 하려면 해당 파일을 유니코드 형식으로 저장하십시오.
D:\c++\CppStudy\cpp_Practice\CppStudy\GameP\GameProgrammingTeamProject\2023_winapi_framework\TimeMgr.h(1,1): warning C4819: 현재 코드 페이지(949)에서 표시할 수 없는 문자가 파일에 들어 있습니다. 데이터가 손실되지 않게 하려면 해당 파일을 유니코드 형식으로 저장하십시오.
  EventMgr.cpp
D:\c++\CppStudy\cpp_Practice\CppStudy\GameP\GameProgrammingTeamProject\2023_winapi_framework\enums.h(1,1): warning C4819: 현재 코드 페이지(949)에서 표시할 수 없는 문자가 파일에 들어 있습니다. 데이터가 손실되지 않게 하려면 해당 파일을 유니코드 형식으로 저장하십시오.
  Game_Scene.cpp
D:\c++\CppStudy\cpp_Practice\CppStudy\GameP\GameProgrammingTeamProject\2023_winapi_framework\enums.h(1,1): warning C4819: 현재 코드 페이지(949)에서 표시할 수 없는 문자가 파일에 들어 있습니다. 데이터가 손실되지 않게 하려면 해당 파일을 유니코드 형식으로 저장하십시오.
  Ground.cpp
D:\c++\CppStudy\cpp_Practice\CppStudy\GameP\GameProgrammingTeamProject\2023_winapi_framework\enums.h(1,1): warning C4819: 현재 코드 페이지(949)에서 표시할 수 없는 문자가 파일에 들어 있습니다. 데이터가 손실되지 않게 하려면 해당 파일을 유니코드 형식으로 저장하십시오.
D:\c++\CppStudy\cpp_Practice\CppStudy\GameP\GameProgrammingTeamProject\2023_winapi_framework\Ground.h(8,8): warning C4227: 오래된 구문을 사용했습니다. 참조의 한정자가 무시됩니다.
D:\c++\CppStudy\cpp_Practice\CppStudy\GameP\GameProgrammingTeamProject\2023_winapi_framework\Ground.cpp(5,38): warning C4227: 오래된 구문을 사용했습니다. 참조의 한정자가 무시됩니다.
  KeyMgr.cpp
D:\c++\CppStudy\cpp_Practice\CppStudy\GameP\GameProgrammingTeamProject\2023_winapi_framework\enums.h(1,1): warning C4819: 현재 코드 페이지(949)에서 표시할 수 없는 문자가 파일에 들어 있습니다. 데이터가 손실되지 않게 하려면 해당 파일을 유니코드 형식으로 저장하십시오.
D:\c++\CppStudy\cpp_Practice\CppStudy\GameP\GameProgrammingTeamProject\2023_winapi_framework\Core.h(1,1): warning C4819: 현재 코드 페이지(949)에서 표시할 수 없는 문자가 파일에 들어 있습니다. 데이터가 손실되지 않게 하려면 해당 파일을 유니코드 형식으로 저장하십시오.
  main.cpp
D:\c++\CppStudy\cpp_Practice\CppStudy\GameP\GameProgrammingTeamProject\2023_winapi_framework\enums.h(1,1): warning C4819: 현재 코드 페이지(949)에서 표시할 수 없는 문자가 파일에 들어 있습니다. 데이터가 손실되지 않게 하려면 해당 파일을 유니코드 형식으로 저장하십시오.
D:\c++\CppStudy\cpp_Practice\CppStudy\GameP\GameProgrammingTeamProject\2023_winapi_framework\BaseWindow.h(1,1): warning C4819: 현재 코드 페이지(949)에서 표시할 수 없는 문자가 파일에 들어 있습니다. 데이터가 손실되지 않게 하려면 해당 파일을 유니코드 형식으로 저장하십시오.
  Monster.cpp
D:\c++\CppStudy\cpp_Practice\CppStudy\GameP\GameProgrammingTeamProject\2023_winapi_framework\Monster.cpp(1,1): warning C4819: 현재 코드 페이지(949)에서 표시할 수 없는 문자가 파일에 들어 있습니다. 데이터가 손실되지 않게 하려면 해당 파일을 유니코드 형식으로 저장하십시오.
D:\c++\CppStudy\cpp_Practice\CppStudy\GameP\GameProgrammingTeamProject\2023_winapi_framework\enums.h(1,1): warning C4819: 현재 코드 페이지(949)에서 표시할 수 없는 문자가 파일에 들어 있습니다. 데이터가 손실되지 않게 하려면 해당 파일을 유니코드 형식으로 저장하십시오.
D:\c++\CppStudy\cpp_Practice\CppStudy\GameP\GameProgrammingTeamProject\2023_winapi_framework\TimeMgr.h(1,1): warning C4819: 현재 코드 페이지(949)에서 표시할 수 없는 문자가 파일에 들어 있습니다. 데이터가 손실되지 않게 하려면 해당 파일을 유니코드 형식으로 저장하십시오.
  Object.cpp
D:\c++\CppStudy\cpp_Practice\CppStudy\GameP\GameProgrammingTeamProject\2023_winapi_framework\enums.h(1,1): warning C4819: 현재 코드 페이지(949)에서 표시할 수 없는 문자가 파일에 들어 있습니다. 데이터가 손실되지 않게 하려면 해당 파일을 유니코드 형식으로 저장하십시오.
D:\c++\CppStudy\cpp_Practice\CppStudy\GameP\GameProgrammingTeamProject\2023_winapi_framework\TimeMgr.h(1,1): warning C4819: 현재 코드 페이지(949)에서 표시할 수 없는 문자가 파일에 들어 있습니다. 데이터가 손실되지 않게 하려면 해당 파일을 유니코드 형식으로 저장하십시오.
  PathMgr.cpp
D:\c++\CppStudy\cpp_Practice\CppStudy\GameP\GameProgrammingTeamProject\2023_winapi_framework\enums.h(1,1): warning C4819: 현재 코드 페이지(949)에서 표시할 수 없는 문자가 파일에 들어 있습니다. 데이터가 손실되지 않게 하려면 해당 파일을 유니코드 형식으로 저장하십시오.
D:\c++\CppStudy\cpp_Practice\CppStudy\GameP\GameProgrammingTeamProject\2023_winapi_framework\Core.h(1,1): warning C4819: 현재 코드 페이지(949)에서 표시할 수 없는 문자가 파일에 들어 있습니다. 데이터가 손실되지 않게 하려면 해당 파일을 유니코드 형식으로 저장하십시오.
  Player.cpp
D:\c++\CppStudy\cpp_Practice\CppStudy\GameP\GameProgrammingTeamProject\2023_winapi_framework\Player.cpp(1,1): warning C4819: 현재 코드 페이지(949)에서 표시할 수 없는 문자가 파일에 들어 있습니다. 데이터가 손실되지 않게 하려면 해당 파일을 유니코드 형식으로 저장하십시오.
D:\c++\CppStudy\cpp_Practice\CppStudy\GameP\GameProgrammingTeamProject\2023_winapi_framework\enums.h(1,1): warning C4819: 현재 코드 페이지(949)에서 표시할 수 없는 문자가 파일에 들어 있습니다. 데이터가 손실되지 않게 하려면 해당 파일을 유니코드 형식으로 저장하십시오.
D:\c++\CppStudy\cpp_Practice\CppStudy\GameP\GameProgrammingTeamProject\2023_winapi_framework\TimeMgr.h(1,1): warning C4819: 현재 코드 페이지(949)에서 표시할 수 없는 문자가 파일에 들어 있습니다. 데이터가 손실되지 않게 하려면 해당 파일을 유니코드 형식으로 저장하십시오.
D:\c++\CppStudy\cpp_Practice\CppStudy\GameP\GameProgrammingTeamProject\2023_winapi_framework\Rigidbody2D.h(19,37): warning C4227: 오래된 구문을 사용했습니다. 참조의 한정자가 무시됩니다.
  Res.cpp
D:\c++\CppStudy\cpp_Practice\CppStudy\GameP\GameProgrammingTeamProject\2023_winapi_framework\enums.h(1,1): warning C4819: 현재 코드 페이지(949)에서 표시할 수 없는 문자가 파일에 들어 있습니다. 데이터가 손실되지 않게 하려면 해당 파일을 유니코드 형식으로 저장하십시오.
  ResMgr.cpp
D:\c++\CppStudy\cpp_Practice\CppStudy\GameP\GameProgrammingTeamProject\2023_winapi_framework\enums.h(1,1): warning C4819: 현재 코드 페이지(949)에서 표시할 수 없는 문자가 파일에 들어 있습니다. 데이터가 손실되지 않게 하려면 해당 파일을 유니코드 형식으로 저장하십시오.
C:\Program Files\Microsoft Visual Studio\2022\Community\VC\Tools\MSVC\14.35.32215\include\xstring(2859,53): warning C4244: '인수': 'wchar_t'에서 'const _Elem'(으)로 변환하면서 데이터가 손실될 수 있습니다.
          with
          [
              _Elem=char
          ]
C:\Program Files\Microsoft Visual Studio\2022\Community\VC\Tools\MSVC\14.35.32215\include\xstring(2718,1): message : 컴파일되는 함수 템플릿 인스턴스화 'void std::basic_string<char,std::char_traits<char>,std::allocator<char>>::_Construct_from_iter<wchar_t*,wchar_t*,_Size_type>(_Iter,const _Sent,_Size)'에 대한 참조를 확인하세요.
          with
          [
              _Size_type=unsigned __int64,
              _Iter=wchar_t *,
              _Sent=wchar_t *,
              _Size=unsigned __int64
          ]
C:\Program Files\Microsoft Visual Studio\2022\Community\VC\Tools\MSVC\14.35.32215\include\xstring(2718,37): message : 컴파일되는 함수 템플릿 인스턴스화 'void std::basic_string<char,std::char_traits<char>,std::allocator<char>>::_Construct_from_iter<wchar_t*,wchar_t*,_Size_type>(_Iter,const _Sent,_Size)'에 대한 참조를 확인하세요.
          with
          [
              _Size_type=unsigned __int64,
              _Iter=wchar_t *,
              _Sent=wchar_t *,
              _Size=unsigned __int64
          ]
C:\Program Files\Microsoft Visual Studio\2022\Community\VC\Tools\MSVC\14.35.32215\include\xstring(3579): message : 컴파일되는 함수 템플릿 인스턴스화 'std::basic_string<char,std::char_traits<char>,std::allocator<char>>::basic_string<wchar_t*,0>(_Iter,_Iter,const _Alloc &)'에 대한 참조를 확인하세요.
          with
          [
              _Iter=wchar_t *,
              _Alloc=std::allocator<char>
          ]
C:\Program Files\Microsoft Visual Studio\2022\Community\VC\Tools\MSVC\14.35.32215\include\xstring(3579,32): message : 컴파일되는 함수 템플릿 인스턴스화 'std::basic_string<char,std::char_traits<char>,std::allocator<char>>::basic_string<wchar_t*,0>(_Iter,_Iter,const _Alloc &)'에 대한 참조를 확인하세요.
          with
          [
              _Iter=wchar_t *,
              _Alloc=std::allocator<char>
          ]
D:\c++\CppStudy\cpp_Practice\CppStudy\GameP\GameProgrammingTeamProject\2023_winapi_framework\ResMgr.cpp(77): message : 컴파일되는 함수 템플릿 인스턴스화 'std::basic_string<char,std::char_traits<char>,std::allocator<char>> &std::basic_string<char,std::char_traits<char>,std::allocator<char>>::assign<std::_String_iterator<std::_String_val<std::_Simple_types<_Elem>>>,0>(const _Iter,const _Iter)'에 대한 참조를 확인하세요.
          with
          [
              _Elem=wchar_t,
              _Iter=std::_String_iterator<std::_String_val<std::_Simple_types<wchar_t>>>
          ]
D:\c++\CppStudy\cpp_Practice\CppStudy\GameP\GameProgrammingTeamProject\2023_winapi_framework\ResMgr.cpp(77,15): message : 컴파일되는 함수 템플릿 인스턴스화 'std::basic_string<char,std::char_traits<char>,std::allocator<char>> &std::basic_string<char,std::char_traits<char>,std::allocator<char>>::assign<std::_String_iterator<std::_String_val<std::_Simple_types<_Elem>>>,0>(const _Iter,const _Iter)'에 대한 참조를 확인하세요.
          with
          [
              _Elem=wchar_t,
              _Iter=std::_String_iterator<std::_String_val<std::_Simple_types<wchar_t>>>
          ]
  Rigidbody2D.cpp
D:\c++\CppStudy\cpp_Practice\CppStudy\GameP\GameProgrammingTeamProject\2023_winapi_framework\Rigidbody2D.cpp(1,1): warning C4819: 현재 코드 페이지(949)에서 표시할 수 없는 문자가 파일에 들어 있습니다. 데이터가 손실되지 않게 하려면 해당 파일을 유니코드 형식으로 저장하십시오.
D:\c++\CppStudy\cpp_Practice\CppStudy\GameP\GameProgrammingTeamProject\2023_winapi_framework\enums.h(1,1): warning C4819: 현재 코드 페이지(949)에서 표시할 수 없는 문자가 파일에 들어 있습니다. 데이터가 손실되지 않게 하려면 해당 파일을 유니코드 형식으로 저장하십시오.
D:\c++\CppStudy\cpp_Practice\CppStudy\GameP\GameProgrammingTeamProject\2023_winapi_framework\Rigidbody2D.h(19,37): warning C4227: 오래된 구문을 사용했습니다. 참조의 한정자가 무시됩니다.
D:\c++\CppStudy\cpp_Practice\CppStudy\GameP\GameProgrammingTeamProject\2023_winapi_framework\TimeMgr.h(1,1): warning C4819: 현재 코드 페이지(949)에서 표시할 수 없는 문자가 파일에 들어 있습니다. 데이터가 손실되지 않게 하려면 해당 파일을 유니코드 형식으로 저장하십시오.
D:\c++\CppStudy\cpp_Practice\CppStudy\GameP\GameProgrammingTeamProject\2023_winapi_framework\Rigidbody2D.cpp(9,41): warning C4244: '인수': 'float'에서 'int'(으)로 변환하면서 데이터가 손실될 수 있습니다.
D:\c++\CppStudy\cpp_Practice\CppStudy\GameP\GameProgrammingTeamProject\2023_winapi_framework\Rigidbody2D.cpp(14,41): warning C4244: '인수': 'float'에서 'int'(으)로 변환하면서 데이터가 손실될 수 있습니다.
  Scene.cpp
D:\c++\CppStudy\cpp_Practice\CppStudy\GameP\GameProgrammingTeamProject\2023_winapi_framework\enums.h(1,1): warning C4819: 현재 코드 페이지(949)에서 표시할 수 없는 문자가 파일에 들어 있습니다. 데이터가 손실되지 않게 하려면 해당 파일을 유니코드 형식으로 저장하십시오.
  SceneMgr.cpp
D:\c++\CppStudy\cpp_Practice\CppStudy\GameP\GameProgrammingTeamProject\2023_winapi_framework\enums.h(1,1): warning C4819: 현재 코드 페이지(949)에서 표시할 수 없는 문자가 파일에 들어 있습니다. 데이터가 손실되지 않게 하려면 해당 파일을 유니코드 형식으로 저장하십시오.
  SelectGDI.cpp
D:\c++\CppStudy\cpp_Practice\CppStudy\GameP\GameProgrammingTeamProject\2023_winapi_framework\enums.h(1,1): warning C4819: 현재 코드 페이지(949)에서 표시할 수 없는 문자가 파일에 들어 있습니다. 데이터가 손실되지 않게 하려면 해당 파일을 유니코드 형식으로 저장하십시오.
D:\c++\CppStudy\cpp_Practice\CppStudy\GameP\GameProgrammingTeamProject\2023_winapi_framework\Core.h(1,1): warning C4819: 현재 코드 페이지(949)에서 표시할 수 없는 문자가 파일에 들어 있습니다. 데이터가 손실되지 않게 하려면 해당 파일을 유니코드 형식으로 저장하십시오.
  Start_Scene.cpp
D:\c++\CppStudy\cpp_Practice\CppStudy\GameP\GameProgrammingTeamProject\2023_winapi_framework\enums.h(1,1): warning C4819: 현재 코드 페이지(949)에서 표시할 수 없는 문자가 파일에 들어 있습니다. 데이터가 손실되지 않게 하려면 해당 파일을 유니코드 형식으로 저장하십시오.
D:\c++\CppStudy\cpp_Practice\CppStudy\GameP\GameProgrammingTeamProject\2023_winapi_framework\Core.h(1,1): warning C4819: 현재 코드 페이지(949)에서 표시할 수 없는 문자가 파일에 들어 있습니다. 데이터가 손실되지 않게 하려면 해당 파일을 유니코드 형식으로 저장하십시오.
D:\c++\CppStudy\cpp_Practice\CppStudy\GameP\GameProgrammingTeamProject\2023_winapi_framework\Ground.h(8,8): warning C4227: 오래된 구문을 사용했습니다. 참조의 한정자가 무시됩니다.
  Texture.cpp
D:\c++\CppStudy\cpp_Practice\CppStudy\GameP\GameProgrammingTeamProject\2023_winapi_framework\enums.h(1,1): warning C4819: 현재 코드 페이지(949)에서 표시할 수 없는 문자가 파일에 들어 있습니다. 데이터가 손실되지 않게 하려면 해당 파일을 유니코드 형식으로 저장하십시오.
D:\c++\CppStudy\cpp_Practice\CppStudy\GameP\GameProgrammingTeamProject\2023_winapi_framework\Core.h(1,1): warning C4819: 현재 코드 페이지(949)에서 표시할 수 없는 문자가 파일에 들어 있습니다. 데이터가 손실되지 않게 하려면 해당 파일을 유니코드 형식으로 저장하십시오.
  TimeMgr.cpp
D:\c++\CppStudy\cpp_Practice\CppStudy\GameP\GameProgrammingTeamProject\2023_winapi_framework\enums.h(1,1): warning C4819: 현재 코드 페이지(949)에서 표시할 수 없는 문자가 파일에 들어 있습니다. 데이터가 손실되지 않게 하려면 해당 파일을 유니코드 형식으로 저장하십시오.
D:\c++\CppStudy\cpp_Practice\CppStudy\GameP\GameProgrammingTeamProject\2023_winapi_framework\TimeMgr.h(1,1): warning C4819: 현재 코드 페이지(949)에서 표시할 수 없는 문자가 파일에 들어 있습니다. 데이터가 손실되지 않게 하려면 해당 파일을 유니코드 형식으로 저장하십시오.
D:\c++\CppStudy\cpp_Practice\CppStudy\GameP\GameProgrammingTeamProject\2023_winapi_framework\Core.h(1,1): warning C4819: 현재 코드 페이지(949)에서 표시할 수 없는 문자가 파일에 들어 있습니다. 데이터가 손실되지 않게 하려면 해당 파일을 유니코드 형식으로 저장하십시오.
  Vec2.cpp
D:\c++\CppStudy\cpp_Practice\CppStudy\GameP\GameProgrammingTeamProject\2023_winapi_framework\enums.h(1,1): warning C4819: 현재 코드 페이지(949)에서 표시할 수 없는 문자가 파일에 들어 있습니다. 데이터가 손실되지 않게 하려면 해당 파일을 유니코드 형식으로 저장하십시오.
  2023_winapi_framework.vcxproj -> D:\c++\CppStudy\cpp_Practice\CppStudy\GameP\GameProgrammingTeamProject\Output\bin_debug\2023_winapi_framework.exe
